<?xml version="1.0" encoding="UTF-8"?>
<!-- Generated by org.testng.reporters.JUnitXMLReporter -->
<testsuite hostname="DESKTOP-5RGTLIF" ignored="0" name="Regression" tests="1" failures="1" timestamp="01 Apr 2018 17:46:24 GMT" time="34.71" errors="0">
  <testcase name="buyWatch" time="17.925" classname="com.craftsvilla.testscripts.WatchesScripts">
    <failure type="java.lang.AssertionError" message="null">
      <![CDATA[java.lang.AssertionError: nullat com.craftsvilla.testscripts.WatchesScripts.buyWatch(WatchesScripts.java:28)... Removed 27 stack frames]]>
    </failure>
  </testcase> <!-- buyWatch -->
</testsuite> <!-- Regression -->
