<?xml version="1.0" encoding="UTF-8"?>
<testng-results skipped="0" failed="1" ignored="0" total="1" passed="0">
  <reporter-output>
    <line>
      <![CDATA[Element present]]>
    </line>
    <line>
      <![CDATA[Element present]]>
    </line>
    <line>
      <![CDATA[Element present]]>
    </line>
  </reporter-output>
  <suite name="CraftsVilla" duration-ms="34710" started-at="2018-04-01T17:45:50Z" finished-at="2018-04-01T17:46:24Z">
    <groups>
    </groups>
    <test name="Regression" duration-ms="34710" started-at="2018-04-01T17:45:50Z" finished-at="2018-04-01T17:46:24Z">
      <class name="com.craftsvilla.testscripts.WatchesScripts">
        <test-method status="PASS" signature="OpenApp()[pri:0, instance:com.craftsvilla.testscripts.WatchesScripts@52feb982]" name="OpenApp" is-config="true" duration-ms="14560" started-at="2018-04-01T23:15:50Z" finished-at="2018-04-01T23:16:04Z">
          <reporter-output>
          </reporter-output>
        </test-method> <!-- OpenApp -->
        <test-method status="FAIL" signature="buyWatch()[pri:0, instance:com.craftsvilla.testscripts.WatchesScripts@52feb982]" name="buyWatch" duration-ms="17925" started-at="2018-04-01T23:16:04Z" finished-at="2018-04-01T23:16:22Z">
          <exception class="java.lang.AssertionError">
            <message>
              <![CDATA[null]]>
            </message>
            <full-stacktrace>
              <![CDATA[java.lang.AssertionError: nullat org.testng.Assert.fail(Assert.java:96)at org.testng.Assert.fail(Assert.java:103)at com.craftsvilla.testscripts.WatchesScripts.buyWatch(WatchesScripts.java:28)at sun.reflect.NativeMethodAccessorImpl.invoke0(Native Method)at sun.reflect.NativeMethodAccessorImpl.invoke(Unknown Source)at sun.reflect.DelegatingMethodAccessorImpl.invoke(Unknown Source)at java.lang.reflect.Method.invoke(Unknown Source)at org.testng.internal.MethodInvocationHelper.invokeMethod(MethodInvocationHelper.java:124)at org.testng.internal.Invoker.invokeMethod(Invoker.java:571)at org.testng.internal.Invoker.invokeTestMethod(Invoker.java:707)at org.testng.internal.Invoker.invokeTestMethods(Invoker.java:979)at org.testng.internal.TestMethodWorker.invokeTestMethods(TestMethodWorker.java:125)at org.testng.internal.TestMethodWorker.run(TestMethodWorker.java:109)at org.testng.TestRunner.privateRun(TestRunner.java:648)at org.testng.TestRunner.run(TestRunner.java:505)at org.testng.SuiteRunner.runTest(SuiteRunner.java:455)at org.testng.SuiteRunner.runSequentially(SuiteRunner.java:450)at org.testng.SuiteRunner.privateRun(SuiteRunner.java:415)at org.testng.SuiteRunner.run(SuiteRunner.java:364)at org.testng.SuiteRunnerWorker.runSuite(SuiteRunnerWorker.java:52)at org.testng.SuiteRunnerWorker.run(SuiteRunnerWorker.java:84)at org.testng.TestNG.runSuitesSequentially(TestNG.java:1187)at org.testng.TestNG.runSuitesLocally(TestNG.java:1116)at org.testng.TestNG.runSuites(TestNG.java:1028)at org.testng.TestNG.run(TestNG.java:996)at org.testng.remote.AbstractRemoteTestNG.run(AbstractRemoteTestNG.java:114)at org.testng.remote.RemoteTestNG.initAndRun(RemoteTestNG.java:251)at org.testng.remote.RemoteTestNG.main(RemoteTestNG.java:77)]]>
            </full-stacktrace>
          </exception> <!-- java.lang.AssertionError -->
          <reporter-output>
            <line>
              <![CDATA[Element present]]>
            </line>
            <line>
              <![CDATA[Element present]]>
            </line>
            <line>
              <![CDATA[Element present]]>
            </line>
          </reporter-output>
        </test-method> <!-- buyWatch -->
        <test-method status="PASS" signature="closeApp()[pri:0, instance:com.craftsvilla.testscripts.WatchesScripts@52feb982]" name="closeApp" is-config="true" duration-ms="987" started-at="2018-04-01T23:16:23Z" finished-at="2018-04-01T23:16:24Z">
          <reporter-output>
          </reporter-output>
        </test-method> <!-- closeApp -->
      </class> <!-- com.craftsvilla.testscripts.WatchesScripts -->
    </test> <!-- Regression -->
  </suite> <!-- CraftsVilla -->
</testng-results>
